<?xml version="1.0" encoding="UTF-8"?>
<testng-results ignored="0" total="1" passed="1" failed="0" skipped="0">
  <reporter-output>
  </reporter-output>
  <suite started-at="2024-06-14T16:09:11 BST" name="Surefire suite" finished-at="2024-06-14T16:09:33 BST" duration-ms="22693">
    <groups>
      <group name="cucumber">
        <method signature="AbstractTestNGCucumberTests.runScenario(io.cucumber.testng.PickleWrapper,io.cucumber.testng.FeatureWrapper)[pri:0, instance:runner.TestRunner@63a65a25]" name="runScenario" class="io.cucumber.testng.AbstractTestNGCucumberTests"/>
      </group> <!-- cucumber -->
    </groups>
    <test started-at="2024-06-14T16:09:11 BST" name="Surefire test" finished-at="2024-06-14T16:09:33 BST" duration-ms="22693">
      <class name="runner.TestRunner">
        <test-method is-config="true" signature="setUpClass(org.testng.ITestContext)[pri:0, instance:runner.TestRunner@63a65a25]" started-at="2024-06-14T16:09:11 BST" name="setUpClass" finished-at="2024-06-14T16:09:11 BST" duration-ms="178" status="PASS">
          <params>
            <param index="0">
              <value>
                <![CDATA[org.testng.TestRunner@3700ec9c]]>
              </value>
            </param>
          </params>
          <reporter-output>
          </reporter-output>
        </test-method> <!-- setUpClass -->
        <test-method signature="runScenario(io.cucumber.testng.PickleWrapper,io.cucumber.testng.FeatureWrapper)[pri:0, instance:runner.TestRunner@63a65a25]" started-at="2024-06-14T16:09:11 BST" name="runScenario" description="Runs Cucumber Scenarios" data-provider="scenarios" finished-at="2024-06-14T16:09:33 BST" duration-ms="21926" status="PASS">
          <params>
            <param index="0">
              <value>
                <![CDATA["Validate the user is able to search a product and check the subtotal of the products"]]>
              </value>
            </param>
            <param index="1">
              <value>
                <![CDATA["Product Search And Check the subtotal"]]>
              </value>
            </param>
          </params>
          <reporter-output>
          </reporter-output>
        </test-method> <!-- runScenario -->
        <test-method is-config="true" signature="tearDownClass()[pri:0, instance:runner.TestRunner@63a65a25]" started-at="2024-06-14T16:09:33 BST" name="tearDownClass" finished-at="2024-06-14T16:09:33 BST" duration-ms="556" status="PASS">
          <reporter-output>
          </reporter-output>
        </test-method> <!-- tearDownClass -->
      </class> <!-- runner.TestRunner -->
    </test> <!-- Surefire test -->
  </suite> <!-- Surefire suite -->
</testng-results>
